0 info it worked if it ends with ok
1 verbose cli [ 'node',
1 verbose cli   '/usr/local/bin/npm',
1 verbose cli   'install',
1 verbose cli   'grunt-bake',
1 verbose cli   '--save-dev' ]
2 info using npm@2.0.0-beta.3
3 info using node@v0.10.28
4 verbose readDependencies using package.json deps
5 verbose cache add [ 'grunt-bake', null ]
6 verbose cache add spec="grunt-bake" args=["grunt-bake",null]
7 verbose parsed spec { raw: 'grunt-bake',
7 verbose parsed spec   scope: null,
7 verbose parsed spec   name: 'grunt-bake',
7 verbose parsed spec   rawSpec: '',
7 verbose parsed spec   spec: '*',
7 verbose parsed spec   type: 'range' }
8 verbose parsed spec { raw: 'grunt-bake',
8 verbose parsed spec   scope: null,
8 verbose parsed spec   name: 'grunt-bake',
8 verbose parsed spec   rawSpec: '',
8 verbose parsed spec   spec: '*',
8 verbose parsed spec   type: 'range' }
9 verbose addNamed [ 'grunt-bake', '*' ]
10 verbose addNamed [ null, '*' ]
11 silly lockFile baf17174-grunt-bake grunt-bake@*
12 verbose lock grunt-bake@* /Users/sspeicher/.npm/baf17174-grunt-bake.lock
13 silly addNameRange { name: 'grunt-bake', range: '*', hasData: false }
14 verbose mapToRegistry name grunt-bake
15 verbose mapToRegistry uri https://registry.npmjs.org/grunt-bake
16 verbose request on initialization, where is /grunt-bake
17 verbose request after pass 1, where is /grunt-bake
18 verbose request url raw /grunt-bake
19 verbose request resolving registry [ 'https://registry.npmjs.org/', './grunt-bake' ]
20 verbose request after pass 2, where is https://registry.npmjs.org/grunt-bake
21 verbose request no auth needed
22 info retrier registry request attempt 1 at 09:45:23
23 verbose request id d2fa6f721ad862d4
24 http request GET https://registry.npmjs.org/grunt-bake
25 http 200 https://registry.npmjs.org/grunt-bake
26 silly registry.get cb [ 200,
26 silly registry.get   { date: 'Fri, 19 Sep 2014 14:45:24 GMT',
26 silly registry.get     server: 'CouchDB/1.5.0 (Erlang OTP/R14B04)',
26 silly registry.get     etag: '"7L98PGQQ79J2G2JMWQUWPTXA0"',
26 silly registry.get     'content-type': 'application/json',
26 silly registry.get     'cache-control': 'max-age=60',
26 silly registry.get     'content-length': '46488',
26 silly registry.get     'accept-ranges': 'bytes',
26 silly registry.get     via: '1.1 varnish',
26 silly registry.get     age: '0',
26 silly registry.get     'x-served-by': 'cache-ord1720-ORD',
26 silly registry.get     'x-cache': 'MISS',
26 silly registry.get     'x-cache-hits': '0',
26 silly registry.get     'x-timer': 'S1411137923.998145,VS0,VE197',
26 silly registry.get     vary: 'Accept',
26 silly registry.get     'keep-alive': 'timeout=10, max=50',
26 silly registry.get     connection: 'Keep-Alive' } ]
27 silly addNameRange number 2 { name: 'grunt-bake', range: '*', hasData: true }
28 silly addNameRange versions [ 'grunt-bake',
28 silly addNameRange   [ '0.0.1',
28 silly addNameRange     '0.0.2',
28 silly addNameRange     '0.0.3',
28 silly addNameRange     '0.0.4',
28 silly addNameRange     '0.0.5',
28 silly addNameRange     '0.0.6',
28 silly addNameRange     '0.0.7',
28 silly addNameRange     '0.0.8',
28 silly addNameRange     '0.0.9',
28 silly addNameRange     '0.0.10',
28 silly addNameRange     '0.0.11',
28 silly addNameRange     '0.1.0',
28 silly addNameRange     '0.2.0',
28 silly addNameRange     '0.2.1',
28 silly addNameRange     '0.3.0',
28 silly addNameRange     '0.3.1',
28 silly addNameRange     '0.3.3',
28 silly addNameRange     '0.3.5',
28 silly addNameRange     '0.3.7',
28 silly addNameRange     '0.3.8',
28 silly addNameRange     '0.3.9',
28 silly addNameRange     '0.3.10',
28 silly addNameRange     '0.3.12' ] ]
29 verbose addNamed [ 'grunt-bake', '0.3.12' ]
30 verbose addNamed [ '0.3.12', '0.3.12' ]
31 silly lockFile 8eb206fb-grunt-bake-0-3-12 grunt-bake@0.3.12
32 verbose lock grunt-bake@0.3.12 /Users/sspeicher/.npm/8eb206fb-grunt-bake-0-3-12.lock
33 silly lockFile ad36380f-grunt-bake-grunt-bake-0-3-12-tgz https://registry.npmjs.org/grunt-bake/-/grunt-bake-0.3.12.tgz
34 verbose lock https://registry.npmjs.org/grunt-bake/-/grunt-bake-0.3.12.tgz /Users/sspeicher/.npm/ad36380f-grunt-bake-grunt-bake-0-3-12-tgz.lock
35 verbose addRemoteTarball [ 'https://registry.npmjs.org/grunt-bake/-/grunt-bake-0.3.12.tgz',
35 verbose addRemoteTarball   'ab7532c59b31848019f6c15a169164931c140555' ]
36 info retry fetch attempt 1 at 09:45:24
37 info retrier registry request attempt 1 at 09:45:24
38 http fetch GET https://registry.npmjs.org/grunt-bake/-/grunt-bake-0.3.12.tgz
39 http fetch 200 https://registry.npmjs.org/grunt-bake/-/grunt-bake-0.3.12.tgz
40 silly fetchAndShaCheck shasum ab7532c59b31848019f6c15a169164931c140555
41 silly lockFile ad36380f-grunt-bake-grunt-bake-0-3-12-tgz https://registry.npmjs.org/grunt-bake/-/grunt-bake-0.3.12.tgz
42 silly lockFile ad36380f-grunt-bake-grunt-bake-0-3-12-tgz https://registry.npmjs.org/grunt-bake/-/grunt-bake-0.3.12.tgz
43 silly lockFile 8eb206fb-grunt-bake-0-3-12 grunt-bake@0.3.12
44 silly lockFile 8eb206fb-grunt-bake-0-3-12 grunt-bake@0.3.12
45 silly lockFile baf17174-grunt-bake grunt-bake@*
46 silly lockFile baf17174-grunt-bake grunt-bake@*
47 silly resolved [ { name: 'grunt-bake',
47 silly resolved     description: 'Bake external includes into files to create static pages with no server-side compilation time',
47 silly resolved     version: '0.3.12',
47 silly resolved     homepage: 'https://github.com/MathiasPaumgarten/grunt-bake',
47 silly resolved     author:
47 silly resolved      { name: 'Mathias Paumgarten',
47 silly resolved        email: 'mail@mathias-paumgarten.com',
47 silly resolved        url: 'http://mathias-paumgarten.com' },
47 silly resolved     repository:
47 silly resolved      { type: 'git',
47 silly resolved        url: 'https://github.com/MathiasPaumgarten/grunt-bake.git' },
47 silly resolved     bugs: { url: 'https://github.com/MathiasPaumgarten/grunt-bake/issues' },
47 silly resolved     licenses: [ [Object] ],
47 silly resolved     main: 'Gruntfile.js',
47 silly resolved     engines: { node: '>= 0.10.0' },
47 silly resolved     scripts: { test: 'grunt test' },
47 silly resolved     dependencies: { mout: '~0.9.0' },
47 silly resolved     devDependencies:
47 silly resolved      { 'grunt-contrib-jshint': '~0.1.1',
47 silly resolved        'grunt-contrib-clean': '~0.4.0',
47 silly resolved        'grunt-contrib-nodeunit': '~0.1.2',
47 silly resolved        'grunt-contrib-watch': '~0.4.3',
47 silly resolved        'grunt-jsonlint': '~1.0.1',
47 silly resolved        grunt: '~0.4.0' },
47 silly resolved     peerDependencies: { grunt: '~0.4.0' },
47 silly resolved     keywords:
47 silly resolved      [ 'gruntplugin',
47 silly resolved        'bake',
47 silly resolved        'static page',
47 silly resolved        'templates',
47 silly resolved        'static',
47 silly resolved        'include' ],
47 silly resolved     _id: 'grunt-bake@0.3.12',
47 silly resolved     dist:
47 silly resolved      { shasum: 'ab7532c59b31848019f6c15a169164931c140555',
47 silly resolved        tarball: 'http://registry.npmjs.org/grunt-bake/-/grunt-bake-0.3.12.tgz' },
47 silly resolved     _from: 'grunt-bake@*',
47 silly resolved     _npmVersion: '1.3.14',
47 silly resolved     _npmUser:
47 silly resolved      { name: 'mathias.paumgarten',
47 silly resolved        email: 'mail@mathias-paumgarten.com' },
47 silly resolved     maintainers: [ [Object] ],
47 silly resolved     directories: {},
47 silly resolved     _shasum: 'ab7532c59b31848019f6c15a169164931c140555',
47 silly resolved     _resolved: 'https://registry.npmjs.org/grunt-bake/-/grunt-bake-0.3.12.tgz' } ]
48 info install grunt-bake@0.3.12 into /Users/sspeicher/Github/follow-the-water
49 info installOne grunt-bake@0.3.12
50 verbose node_modules/grunt-bake unbuild
51 verbose gentlyRm vacuuming /Users/sspeicher/Github/follow-the-water/node_modules/grunt-bake
52 verbose tar unpack /Users/sspeicher/.npm/grunt-bake/0.3.12/package.tgz
53 silly lockFile 3191bf0d-he-water-node-modules-grunt-bake tar:///Users/sspeicher/Github/follow-the-water/node_modules/grunt-bake
54 verbose lock tar:///Users/sspeicher/Github/follow-the-water/node_modules/grunt-bake /Users/sspeicher/.npm/3191bf0d-he-water-node-modules-grunt-bake.lock
55 silly lockFile 12235106-pm-grunt-bake-0-3-12-package-tgz tar:///Users/sspeicher/.npm/grunt-bake/0.3.12/package.tgz
56 verbose lock tar:///Users/sspeicher/.npm/grunt-bake/0.3.12/package.tgz /Users/sspeicher/.npm/12235106-pm-grunt-bake-0-3-12-package-tgz.lock
57 verbose gentlyRm vacuuming /Users/sspeicher/Github/follow-the-water/node_modules/grunt-bake
58 silly gunzTarPerm modes [ '755', '644' ]
59 silly gunzTarPerm extractEntry package.json
60 silly gunzTarPerm extractEntry .npmignore
61 silly gunzTarPerm extractEntry README.md
62 silly gunzTarPerm extractEntry Gruntfile.js
63 silly gunzTarPerm extractEntry .jshintrc
64 silly gunzTarPerm extractEntry .travis.yml
65 silly gunzTarPerm extractEntry LICENSE-MIT
66 silly gunzTarPerm extractEntry tasks/bake.js
67 silly gunzTarPerm extractEntry test/bake_test.js
68 silly gunzTarPerm extractEntry test/expected/if_bake.html
69 silly gunzTarPerm extractEntry test/expected/advanced_bake.html
70 silly gunzTarPerm extractEntry test/expected/default_bake.html
71 silly gunzTarPerm extractEntry test/expected/foreach-inline_bake.html
72 silly gunzTarPerm extractEntry test/expected/foreach_bake.html
73 silly gunzTarPerm extractEntry test/expected/format_bake.html
74 silly gunzTarPerm extractEntry test/expected/costum_process_bake.html
75 silly gunzTarPerm extractEntry test/expected/inline_bake.html
76 silly gunzTarPerm extractEntry test/expected/no_process_bake.html
77 silly gunzTarPerm extractEntry test/expected/object_bake.html
78 silly gunzTarPerm extractEntry test/expected/recursive_bake.html
79 silly gunzTarPerm extractEntry test/expected/render_bake.html
80 silly gunzTarPerm extractEntry test/expected/section_bake.html
81 silly gunzTarPerm extractEntry test/fixtures/format_bake.html
82 silly gunzTarPerm extractEntry test/fixtures/absolute_path_bake.html
83 silly gunzTarPerm extractEntry test/fixtures/content.json
84 silly gunzTarPerm extractEntry test/fixtures/default_absolute_path_bake.html
85 silly gunzTarPerm extractEntry test/fixtures/default_bake.html
86 silly gunzTarPerm extractEntry test/fixtures/foreach-inline_bake.html
87 silly gunzTarPerm extractEntry test/fixtures/foreach_bake.html
88 silly gunzTarPerm extractEntry test/fixtures/advanced_bake.html
89 silly gunzTarPerm extractEntry test/fixtures/if_bake.html
90 silly gunzTarPerm extractEntry test/fixtures/includes/book.html
91 silly gunzTarPerm extractEntry test/fixtures/includes/first.html
92 silly gunzTarPerm extractEntry test/fixtures/includes/include-one.html
93 silly gunzTarPerm extractEntry test/fixtures/includes/include-two.html
94 silly gunzTarPerm extractEntry test/fixtures/includes/li.html
95 silly gunzTarPerm extractEntry test/fixtures/includes/multiline.html
96 silly gunzTarPerm extractEntry test/fixtures/includes/multiline_nest.html
97 silly gunzTarPerm extractEntry test/fixtures/includes/second.html
98 silly gunzTarPerm extractEntry test/fixtures/includes/third.html
99 silly gunzTarPerm extractEntry test/fixtures/inline_bake.html
100 silly gunzTarPerm extractEntry test/fixtures/no_process_bake.html
101 silly gunzTarPerm extractEntry test/fixtures/recursive_bake.html
102 silly gunzTarPerm extractEntry test/fixtures/render_bake.html
103 silly gunzTarPerm extractEntry test/fixtures/section_bake.html
104 silly lockFile 3191bf0d-he-water-node-modules-grunt-bake tar:///Users/sspeicher/Github/follow-the-water/node_modules/grunt-bake
105 silly lockFile 3191bf0d-he-water-node-modules-grunt-bake tar:///Users/sspeicher/Github/follow-the-water/node_modules/grunt-bake
106 silly lockFile 12235106-pm-grunt-bake-0-3-12-package-tgz tar:///Users/sspeicher/.npm/grunt-bake/0.3.12/package.tgz
107 silly lockFile 12235106-pm-grunt-bake-0-3-12-package-tgz tar:///Users/sspeicher/.npm/grunt-bake/0.3.12/package.tgz
108 info preinstall grunt-bake@0.3.12
109 verbose readDependencies using package.json deps
110 verbose readDependencies using package.json deps
111 verbose cache add [ 'mout@~0.9.0', null ]
112 verbose cache add spec="mout@~0.9.0" args=["mout@~0.9.0",null]
113 verbose parsed spec { raw: 'mout@~0.9.0',
113 verbose parsed spec   scope: null,
113 verbose parsed spec   name: 'mout',
113 verbose parsed spec   rawSpec: '~0.9.0',
113 verbose parsed spec   spec: '>=0.9.0-0 <0.10.0-0',
113 verbose parsed spec   type: 'range' }
114 verbose parsed spec { raw: 'mout@~0.9.0',
114 verbose parsed spec   scope: null,
114 verbose parsed spec   name: 'mout',
114 verbose parsed spec   rawSpec: '~0.9.0',
114 verbose parsed spec   spec: '>=0.9.0-0 <0.10.0-0',
114 verbose parsed spec   type: 'range' }
115 verbose addNamed [ 'mout', '>=0.9.0-0 <0.10.0-0' ]
116 verbose addNamed [ null, '>=0.9.0-0 <0.10.0-0' ]
117 silly lockFile d52116c4-mout-0-9-0-0-0-10-0-0 mout@>=0.9.0-0 <0.10.0-0
118 verbose lock mout@>=0.9.0-0 <0.10.0-0 /Users/sspeicher/.npm/d52116c4-mout-0-9-0-0-0-10-0-0.lock
119 silly addNameRange { name: 'mout', range: '>=0.9.0-0 <0.10.0-0', hasData: false }
120 verbose mapToRegistry name mout
121 verbose mapToRegistry uri https://registry.npmjs.org/mout
122 verbose request on initialization, where is /mout
123 verbose request after pass 1, where is /mout
124 verbose request url raw /mout
125 verbose request resolving registry [ 'https://registry.npmjs.org/', './mout' ]
126 verbose request after pass 2, where is https://registry.npmjs.org/mout
127 verbose request no auth needed
128 info retrier registry request attempt 1 at 09:45:24
129 verbose etag "32FMPFPJS1XBVG4CQ7GB5KKUN"
130 http request GET https://registry.npmjs.org/mout
131 http 304 https://registry.npmjs.org/mout
132 silly registry.get cb [ 304,
132 silly registry.get   { date: 'Fri, 19 Sep 2014 14:45:24 GMT',
132 silly registry.get     server: 'Apache',
132 silly registry.get     via: '1.1 varnish',
132 silly registry.get     'last-modified': 'Fri, 19 Sep 2014 14:45:24 GMT',
132 silly registry.get     'cache-control': 'max-age=60',
132 silly registry.get     etag: '"32FMPFPJS1XBVG4CQ7GB5KKUN"',
132 silly registry.get     'x-served-by': 'cache-ord1727-ORD',
132 silly registry.get     'x-cache': 'HIT',
132 silly registry.get     'x-cache-hits': '1',
132 silly registry.get     'x-timer': 'S1411137924.679598,VS0,VE0',
132 silly registry.get     vary: 'Accept',
132 silly registry.get     'content-length': '0',
132 silly registry.get     'keep-alive': 'timeout=10, max=50',
132 silly registry.get     connection: 'Keep-Alive' } ]
133 verbose etag https://registry.npmjs.org/mout from cache
134 silly addNameRange number 2 { name: 'mout', range: '>=0.9.0-0 <0.10.0-0', hasData: true }
135 silly addNameRange versions [ 'mout',
135 silly addNameRange   [ '0.1.0',
135 silly addNameRange     '0.2.0',
135 silly addNameRange     '0.3.0',
135 silly addNameRange     '0.4.0',
135 silly addNameRange     '0.5.0',
135 silly addNameRange     '0.6.0',
135 silly addNameRange     '0.7.0',
135 silly addNameRange     '0.7.1',
135 silly addNameRange     '0.8.0',
135 silly addNameRange     '0.9.0',
135 silly addNameRange     '0.9.1',
135 silly addNameRange     '0.10.0' ] ]
136 verbose addNamed [ 'mout', '0.9.1' ]
137 verbose addNamed [ '0.9.1', '0.9.1' ]
138 silly lockFile 87454de7-mout-0-9-1 mout@0.9.1
139 verbose lock mout@0.9.1 /Users/sspeicher/.npm/87454de7-mout-0-9-1.lock
140 silly lockFile 87454de7-mout-0-9-1 mout@0.9.1
141 silly lockFile 87454de7-mout-0-9-1 mout@0.9.1
142 silly lockFile d52116c4-mout-0-9-0-0-0-10-0-0 mout@>=0.9.0-0 <0.10.0-0
143 silly lockFile d52116c4-mout-0-9-0-0-0-10-0-0 mout@>=0.9.0-0 <0.10.0-0
144 silly resolved [ { name: 'mout',
144 silly resolved     description: 'Modular Utilities',
144 silly resolved     version: '0.9.1',
144 silly resolved     homepage: 'http://moutjs.com/',
144 silly resolved     contributors:
144 silly resolved      [ [Object],
144 silly resolved        [Object],
144 silly resolved        [Object],
144 silly resolved        [Object],
144 silly resolved        [Object],
144 silly resolved        [Object],
144 silly resolved        [Object],
144 silly resolved        [Object],
144 silly resolved        [Object] ],
144 silly resolved     keywords: [ 'utilities', 'functional', 'amd-utils', 'stdlib' ],
144 silly resolved     repository: { type: 'git', url: 'git://github.com/mout/mout.git' },
144 silly resolved     licenses: [ [Object] ],
144 silly resolved     bugs: { url: 'https://github.com/mout/mout/issues/' },
144 silly resolved     main: './index.js',
144 silly resolved     scripts:
144 silly resolved      { pretest: 'node build pkg',
144 silly resolved        test: 'istanbul test tests/runner.js --hook-run-in-context' },
144 silly resolved     directories: { doc: './doc' },
144 silly resolved     devDependencies:
144 silly resolved      { istanbul: '~0.1.27',
144 silly resolved        'jasmine-node': '~1.2.2',
144 silly resolved        requirejs: '2.x',
144 silly resolved        nodefy: '*',
144 silly resolved        mdoc: '~0.3.2',
144 silly resolved        handlebars: '~1.0.6',
144 silly resolved        commander: '~1.0.5',
144 silly resolved        rocambole: '~0.2.3',
144 silly resolved        jshint: '2.x',
144 silly resolved        rimraf: '~2.2.2',
144 silly resolved        regenerate: '~0.5.4' },
144 silly resolved     testling:
144 silly resolved      { preprocess: 'node build testling',
144 silly resolved        browsers: [Object],
144 silly resolved        scripts: [Object] },
144 silly resolved     _id: 'mout@0.9.1',
144 silly resolved     dist:
144 silly resolved      { shasum: '84f0f3fd6acc7317f63de2affdcc0cee009b0477',
144 silly resolved        tarball: 'http://registry.npmjs.org/mout/-/mout-0.9.1.tgz' },
144 silly resolved     _from: 'mout@>=0.9.0-0 <0.10.0-0',
144 silly resolved     _npmVersion: '1.4.3',
144 silly resolved     _npmUser: { name: 'millermedeiros', email: 'miller@millermedeiros.com' },
144 silly resolved     maintainers: [ [Object], [Object], [Object], [Object] ],
144 silly resolved     _shasum: '84f0f3fd6acc7317f63de2affdcc0cee009b0477',
144 silly resolved     _resolved: 'https://registry.npmjs.org/mout/-/mout-0.9.1.tgz',
144 silly resolved     readme: 'ERROR: No README data found!' } ]
145 info install mout@0.9.1 into /Users/sspeicher/Github/follow-the-water/node_modules/grunt-bake
146 info installOne mout@0.9.1
147 verbose node_modules/grunt-bake/node_modules/mout unbuild
148 verbose gentlyRm vacuuming /Users/sspeicher/Github/follow-the-water/node_modules/grunt-bake/node_modules/mout
149 verbose tar unpack /Users/sspeicher/.npm/mout/0.9.1/package.tgz
150 silly lockFile edb87599-les-grunt-bake-node-modules-mout tar:///Users/sspeicher/Github/follow-the-water/node_modules/grunt-bake/node_modules/mout
151 verbose lock tar:///Users/sspeicher/Github/follow-the-water/node_modules/grunt-bake/node_modules/mout /Users/sspeicher/.npm/edb87599-les-grunt-bake-node-modules-mout.lock
152 silly lockFile b8fc19e2-icher-npm-mout-0-9-1-package-tgz tar:///Users/sspeicher/.npm/mout/0.9.1/package.tgz
153 verbose lock tar:///Users/sspeicher/.npm/mout/0.9.1/package.tgz /Users/sspeicher/.npm/b8fc19e2-icher-npm-mout-0-9-1-package-tgz.lock
154 verbose gentlyRm vacuuming /Users/sspeicher/Github/follow-the-water/node_modules/grunt-bake/node_modules/mout
155 silly gunzTarPerm modes [ '755', '644' ]
156 silly gunzTarPerm extractEntry package.json
157 silly gunzTarPerm extractEntry .npmignore
158 silly gunzTarPerm extractEntry README.md
159 silly gunzTarPerm extractEntry date.js
160 silly gunzTarPerm extractEntry function.js
161 silly gunzTarPerm extractEntry index.js
162 silly gunzTarPerm extractEntry array.js
163 silly gunzTarPerm extractEntry math.js
164 silly gunzTarPerm extractEntry number.js
165 silly gunzTarPerm extractEntry object.js
166 silly gunzTarPerm extractEntry collection.js
167 silly gunzTarPerm extractEntry queryString.js
168 silly gunzTarPerm extractEntry time.js
169 silly gunzTarPerm extractEntry random.js
170 silly gunzTarPerm extractEntry string.js
171 silly gunzTarPerm extractEntry lang.js
172 silly gunzTarPerm extractEntry LICENSE.md
173 silly gunzTarPerm extractEntry .editorconfig
174 silly gunzTarPerm extractEntry .jshintrc
175 silly gunzTarPerm extractEntry array/append.js
176 silly gunzTarPerm extractEntry array/invoke.js
177 silly gunzTarPerm extractEntry array/join.js
178 silly gunzTarPerm extractEntry array/lastIndexOf.js
179 silly gunzTarPerm extractEntry array/map.js
180 silly gunzTarPerm extractEntry array/intersection.js
181 silly gunzTarPerm extractEntry array/min.js
182 silly gunzTarPerm extractEntry array/pick.js
183 silly gunzTarPerm extractEntry array/pluck.js
184 silly gunzTarPerm extractEntry array/range.js
185 silly gunzTarPerm extractEntry array/reduce.js
186 silly gunzTarPerm extractEntry array/insert.js
187 silly gunzTarPerm extractEntry array/reduceRight.js
188 silly gunzTarPerm extractEntry array/indexOf.js
189 silly gunzTarPerm extractEntry array/reject.js
190 silly gunzTarPerm extractEntry array/forEach.js
191 silly gunzTarPerm extractEntry array/remove.js
192 silly gunzTarPerm extractEntry array/flatten.js
193 silly gunzTarPerm extractEntry array/removeAll.js
194 silly gunzTarPerm extractEntry array/findLastIndex.js
195 silly gunzTarPerm extractEntry array/shuffle.js
196 silly gunzTarPerm extractEntry array/findLast.js
197 silly gunzTarPerm extractEntry array/slice.js
198 silly gunzTarPerm extractEntry array/findIndex.js
199 silly gunzTarPerm extractEntry array/some.js
200 silly gunzTarPerm extractEntry array/find.js
201 silly gunzTarPerm extractEntry array/sort.js
202 silly gunzTarPerm extractEntry array/filter.js
203 silly gunzTarPerm extractEntry array/sortBy.js
204 silly gunzTarPerm extractEntry array/every.js
205 silly gunzTarPerm extractEntry array/split.js
206 silly gunzTarPerm extractEntry array/difference.js
207 silly gunzTarPerm extractEntry array/toLookup.js
208 silly gunzTarPerm extractEntry array/contains.js
209 silly gunzTarPerm extractEntry array/union.js
210 silly gunzTarPerm extractEntry array/compact.js
211 silly gunzTarPerm extractEntry array/unique.js
212 silly gunzTarPerm extractEntry array/combine.js
213 silly gunzTarPerm extractEntry array/xor.js
214 silly gunzTarPerm extractEntry array/collect.js
215 silly gunzTarPerm extractEntry array/zip.js
216 silly gunzTarPerm extractEntry array/max.js
217 silly gunzTarPerm extractEntry math/ceil.js
218 silly gunzTarPerm extractEntry math/countSteps.js
219 silly gunzTarPerm extractEntry math/floor.js
220 silly gunzTarPerm extractEntry math/inRange.js
221 silly gunzTarPerm extractEntry math/clamp.js
222 silly gunzTarPerm extractEntry math/lerp.js
223 silly gunzTarPerm extractEntry math/loop.js
224 silly gunzTarPerm extractEntry math/map.js
225 silly gunzTarPerm extractEntry math/norm.js
226 silly gunzTarPerm extractEntry math/round.js
227 silly gunzTarPerm extractEntry math/isNear.js
228 silly gunzTarPerm extractEntry .travis.yml
229 silly gunzTarPerm extractEntry number/MAX_INT.js
230 silly gunzTarPerm extractEntry number/currencyFormat.js
231 silly gunzTarPerm extractEntry number/enforcePrecision.js
232 silly gunzTarPerm extractEntry number/isNaN.js
233 silly gunzTarPerm extractEntry number/nth.js
234 silly gunzTarPerm extractEntry number/abbreviate.js
235 silly gunzTarPerm extractEntry number/pad.js
236 silly gunzTarPerm extractEntry number/rol.js
237 silly gunzTarPerm extractEntry number/ror.js
238 silly gunzTarPerm extractEntry number/sign.js
239 silly gunzTarPerm extractEntry number/toInt.js
240 silly gunzTarPerm extractEntry number/MIN_INT.js
241 silly gunzTarPerm extractEntry number/toUInt.js
242 silly gunzTarPerm extractEntry number/MAX_UINT.js
243 silly gunzTarPerm extractEntry number/toUInt31.js
244 silly gunzTarPerm extractEntry number/ordinal.js
245 silly gunzTarPerm extractEntry collection/contains.js
246 silly gunzTarPerm extractEntry collection/find.js
247 silly gunzTarPerm extractEntry collection/forEach.js
248 silly gunzTarPerm extractEntry collection/make_.js
249 silly gunzTarPerm extractEntry collection/map.js
250 silly gunzTarPerm extractEntry collection/filter.js
251 silly gunzTarPerm extractEntry collection/min.js
252 silly gunzTarPerm extractEntry collection/pluck.js
253 silly gunzTarPerm extractEntry collection/reduce.js
254 silly gunzTarPerm extractEntry collection/reject.js
255 silly gunzTarPerm extractEntry collection/size.js
256 silly gunzTarPerm extractEntry collection/every.js
257 silly gunzTarPerm extractEntry collection/some.js
258 silly gunzTarPerm extractEntry collection/max.js
259 silly gunzTarPerm extractEntry object/bindAll.js
260 silly gunzTarPerm extractEntry object/functions.js
261 silly gunzTarPerm extractEntry object/get.js
262 silly gunzTarPerm extractEntry object/has.js
263 silly gunzTarPerm extractEntry object/hasOwn.js
264 silly gunzTarPerm extractEntry object/forOwn.js
265 silly gunzTarPerm extractEntry object/map.js
266 silly gunzTarPerm extractEntry object/matches.js
267 silly gunzTarPerm extractEntry object/max.js
268 silly gunzTarPerm extractEntry object/merge.js
269 silly gunzTarPerm extractEntry object/min.js
270 silly gunzTarPerm extractEntry object/forIn.js
271 silly gunzTarPerm extractEntry object/mixIn.js
272 silly gunzTarPerm extractEntry object/find.js
273 silly gunzTarPerm extractEntry object/namespace.js
274 silly gunzTarPerm extractEntry object/filter.js
275 silly gunzTarPerm extractEntry object/pick.js
276 silly gunzTarPerm extractEntry object/fillIn.js
277 silly gunzTarPerm extractEntry object/pluck.js
278 silly gunzTarPerm extractEntry object/every.js
279 silly gunzTarPerm extractEntry object/reduce.js
280 silly gunzTarPerm extractEntry object/equals.js
281 silly gunzTarPerm extractEntry object/reject.js
282 silly gunzTarPerm extractEntry object/deepMixIn.js
283 silly gunzTarPerm extractEntry object/set.js
284 silly gunzTarPerm extractEntry object/deepMatches.js
285 silly gunzTarPerm extractEntry object/size.js
286 silly gunzTarPerm extractEntry object/deepFillIn.js
287 silly gunzTarPerm extractEntry object/some.js
288 silly gunzTarPerm extractEntry object/deepEquals.js
289 silly gunzTarPerm extractEntry object/unset.js
290 silly gunzTarPerm extractEntry object/contains.js
291 silly gunzTarPerm extractEntry object/values.js
292 silly gunzTarPerm extractEntry object/keys.js
293 silly gunzTarPerm extractEntry CHANGELOG.md
294 silly gunzTarPerm extractEntry date/dayOfTheYear.js
295 silly gunzTarPerm extractEntry date/i18n_.js
296 silly gunzTarPerm extractEntry date/isLeapYear.js
297 silly gunzTarPerm extractEntry date/isSame.js
298 silly gunzTarPerm extractEntry date/parseIso.js
299 silly gunzTarPerm extractEntry date/totalDaysInYear.js
300 silly gunzTarPerm extractEntry date/startOf.js
301 silly gunzTarPerm extractEntry date/strftime.js
302 silly gunzTarPerm extractEntry date/timezoneAbbr.js
303 silly gunzTarPerm extractEntry date/timezoneOffset.js
304 silly gunzTarPerm extractEntry date/totalDaysInMonth.js
305 silly gunzTarPerm extractEntry date/diff.js
306 silly gunzTarPerm extractEntry date/weekOfTheYear.js
307 silly gunzTarPerm extractEntry date/quarter.js
308 silly gunzTarPerm extractEntry date/i18n/de-DE.js
309 silly gunzTarPerm extractEntry date/i18n/en-US.js
310 silly gunzTarPerm extractEntry date/i18n/pt-BR.js
311 silly gunzTarPerm extractEntry queryString/contains.js
312 silly gunzTarPerm extractEntry queryString/decode.js
313 silly gunzTarPerm extractEntry queryString/encode.js
314 silly gunzTarPerm extractEntry queryString/getParam.js
315 silly gunzTarPerm extractEntry queryString/getQuery.js
316 silly gunzTarPerm extractEntry queryString/parse.js
317 silly gunzTarPerm extractEntry queryString/setParam.js
318 silly gunzTarPerm extractEntry CONTRIBUTING.md
319 silly gunzTarPerm extractEntry random/choice.js
320 silly gunzTarPerm extractEntry random/guid.js
321 silly gunzTarPerm extractEntry random/rand.js
322 silly gunzTarPerm extractEntry random/randBit.js
323 silly gunzTarPerm extractEntry random/randBool.js
324 silly gunzTarPerm extractEntry random/randHex.js
325 silly gunzTarPerm extractEntry random/randInt.js
326 silly gunzTarPerm extractEntry random/randSign.js
327 silly gunzTarPerm extractEntry random/random.js
328 silly gunzTarPerm extractEntry doc/number.md
329 silly gunzTarPerm extractEntry doc/array.md
330 silly gunzTarPerm extractEntry doc/date.md
331 silly gunzTarPerm extractEntry doc/function.md
332 silly gunzTarPerm extractEntry doc/lang.md
333 silly gunzTarPerm extractEntry doc/math.md
334 silly gunzTarPerm extractEntry doc/collection.md
335 silly gunzTarPerm extractEntry doc/object.md
336 silly gunzTarPerm extractEntry doc/queryString.md
337 silly gunzTarPerm extractEntry doc/random.md
338 silly gunzTarPerm extractEntry doc/string.md
339 silly gunzTarPerm extractEntry doc/time.md
340 silly gunzTarPerm extractEntry src/time.js
341 silly gunzTarPerm extractEntry src/collection.js
342 silly gunzTarPerm extractEntry src/random.js
343 silly gunzTarPerm extractEntry src/date.js
344 silly gunzTarPerm extractEntry src/queryString.js
345 silly gunzTarPerm extractEntry src/string.js
346 silly gunzTarPerm extractEntry src/index.js
347 silly gunzTarPerm extractEntry src/object.js
348 silly gunzTarPerm extractEntry src/lang.js
349 silly gunzTarPerm extractEntry src/number.js
350 silly gunzTarPerm extractEntry src/array.js
351 silly gunzTarPerm extractEntry src/function.js
352 silly gunzTarPerm extractEntry src/math.js
353 silly gunzTarPerm extractEntry src/random/choice.js
354 silly gunzTarPerm extractEntry src/random/guid.js
355 silly gunzTarPerm extractEntry src/random/rand.js
356 silly gunzTarPerm extractEntry src/random/randBit.js
357 silly gunzTarPerm extractEntry src/random/randBool.js
358 silly gunzTarPerm extractEntry src/random/randHex.js
359 silly gunzTarPerm extractEntry src/random/randInt.js
360 silly gunzTarPerm extractEntry src/random/randSign.js
361 silly gunzTarPerm extractEntry src/random/random.js
362 silly gunzTarPerm extractEntry src/number/MAX_INT.js
363 silly gunzTarPerm extractEntry src/number/currencyFormat.js
364 silly gunzTarPerm extractEntry src/number/enforcePrecision.js
365 silly gunzTarPerm extractEntry src/number/isNaN.js
366 silly gunzTarPerm extractEntry src/number/nth.js
367 silly gunzTarPerm extractEntry src/number/abbreviate.js
368 silly gunzTarPerm extractEntry src/number/pad.js
369 silly gunzTarPerm extractEntry src/number/rol.js
370 silly gunzTarPerm extractEntry src/number/ror.js
371 silly gunzTarPerm extractEntry src/number/sign.js
372 silly gunzTarPerm extractEntry src/number/toInt.js
373 silly gunzTarPerm extractEntry src/number/MIN_INT.js
374 silly gunzTarPerm extractEntry src/number/toUInt.js
375 silly gunzTarPerm extractEntry src/number/MAX_UINT.js
376 silly gunzTarPerm extractEntry src/number/toUInt31.js
377 silly gunzTarPerm extractEntry src/number/ordinal.js
378 silly gunzTarPerm extractEntry src/object/bindAll.js
379 silly gunzTarPerm extractEntry src/object/functions.js
380 silly gunzTarPerm extractEntry src/object/get.js
381 silly gunzTarPerm extractEntry src/object/has.js
382 silly gunzTarPerm extractEntry src/object/hasOwn.js
383 silly gunzTarPerm extractEntry src/object/forOwn.js
384 silly gunzTarPerm extractEntry src/object/map.js
385 silly gunzTarPerm extractEntry src/object/matches.js
386 silly gunzTarPerm extractEntry src/object/max.js
387 silly gunzTarPerm extractEntry src/object/merge.js
388 silly gunzTarPerm extractEntry src/object/min.js
389 silly gunzTarPerm extractEntry src/object/forIn.js
390 silly gunzTarPerm extractEntry src/object/mixIn.js
391 silly gunzTarPerm extractEntry src/object/find.js
392 silly gunzTarPerm extractEntry src/object/namespace.js
393 silly gunzTarPerm extractEntry src/object/filter.js
394 silly gunzTarPerm extractEntry src/object/pick.js
395 silly gunzTarPerm extractEntry src/object/fillIn.js
396 silly gunzTarPerm extractEntry src/object/pluck.js
397 silly gunzTarPerm extractEntry src/object/every.js
398 silly gunzTarPerm extractEntry src/object/reduce.js
399 silly gunzTarPerm extractEntry src/object/equals.js
400 silly gunzTarPerm extractEntry src/object/reject.js
401 silly gunzTarPerm extractEntry src/object/deepMixIn.js
402 silly gunzTarPerm extractEntry src/object/set.js
403 silly gunzTarPerm extractEntry src/object/deepMatches.js
404 silly gunzTarPerm extractEntry src/object/size.js
405 silly gunzTarPerm extractEntry src/object/deepFillIn.js
406 silly gunzTarPerm extractEntry src/object/some.js
407 silly gunzTarPerm extractEntry src/object/deepEquals.js
408 silly gunzTarPerm extractEntry src/object/unset.js
409 silly gunzTarPerm extractEntry src/object/contains.js
410 silly gunzTarPerm extractEntry src/object/values.js
411 silly gunzTarPerm extractEntry src/object/keys.js
412 silly gunzTarPerm extractEntry src/lang/clone.js
413 silly gunzTarPerm extractEntry src/lang/isEmpty.js
414 silly gunzTarPerm extractEntry src/lang/isFinite.js
415 silly gunzTarPerm extractEntry src/lang/isFunction.js
416 silly gunzTarPerm extractEntry src/lang/isDate.js
417 silly gunzTarPerm extractEntry src/lang/isKind.js
418 silly gunzTarPerm extractEntry src/lang/isNaN.js
419 silly gunzTarPerm extractEntry src/lang/isNull.js
420 silly gunzTarPerm extractEntry src/lang/isNumber.js
421 silly gunzTarPerm extractEntry src/lang/isObject.js
422 silly gunzTarPerm extractEntry src/lang/isBoolean.js
423 silly gunzTarPerm extractEntry src/lang/isPlainObject.js
424 silly gunzTarPerm extractEntry src/lang/isArray.js
425 silly gunzTarPerm extractEntry src/lang/isRegExp.js
426 silly gunzTarPerm extractEntry src/lang/isArguments.js
427 silly gunzTarPerm extractEntry src/lang/isString.js
428 silly gunzTarPerm extractEntry src/lang/is.js
429 silly gunzTarPerm extractEntry src/lang/isUndefined.js
430 silly gunzTarPerm extractEntry src/lang/inheritPrototype.js
431 silly gunzTarPerm extractEntry src/lang/isnt.js
432 silly gunzTarPerm extractEntry src/lang/defaults.js
433 silly gunzTarPerm extractEntry src/lang/kindOf.js
434 silly gunzTarPerm extractEntry src/lang/deepClone.js
435 silly gunzTarPerm extractEntry src/lang/toArray.js
436 silly gunzTarPerm extractEntry src/lang/ctorApply.js
437 silly gunzTarPerm extractEntry src/lang/toNumber.js
438 silly gunzTarPerm extractEntry src/lang/createObject.js
439 silly gunzTarPerm extractEntry src/lang/toString.js
440 silly gunzTarPerm extractEntry src/lang/isInteger.js
441 silly gunzTarPerm extractEntry src/queryString/contains.js
442 silly gunzTarPerm extractEntry src/queryString/decode.js
443 silly gunzTarPerm extractEntry src/queryString/encode.js
444 silly gunzTarPerm extractEntry src/queryString/getParam.js
445 silly gunzTarPerm extractEntry src/queryString/getQuery.js
446 silly gunzTarPerm extractEntry src/queryString/parse.js
447 silly gunzTarPerm extractEntry src/queryString/setParam.js
448 silly gunzTarPerm extractEntry src/function/awaitDelay.js
449 silly gunzTarPerm extractEntry src/function/constant.js
450 silly gunzTarPerm extractEntry src/function/debounce.js
451 silly gunzTarPerm extractEntry src/function/func.js
452 silly gunzTarPerm extractEntry src/function/identity.js
453 silly gunzTarPerm extractEntry src/function/compose.js
454 silly gunzTarPerm extractEntry src/function/partial.js
455 silly gunzTarPerm extractEntry src/function/prop.js
456 silly gunzTarPerm extractEntry src/function/series.js
457 silly gunzTarPerm extractEntry src/function/throttle.js
458 silly gunzTarPerm extractEntry src/function/timeout.js
459 silly gunzTarPerm extractEntry src/function/bind.js
460 silly gunzTarPerm extractEntry src/function/times.js
461 silly gunzTarPerm extractEntry src/function/makeIterator_.js
462 silly gunzTarPerm extractEntry src/math/ceil.js
463 silly gunzTarPerm extractEntry src/math/countSteps.js
464 silly gunzTarPerm extractEntry src/math/floor.js
465 silly gunzTarPerm extractEntry src/math/inRange.js
466 silly gunzTarPerm extractEntry src/math/clamp.js
467 silly gunzTarPerm extractEntry src/math/lerp.js
468 silly gunzTarPerm extractEntry src/math/loop.js
469 silly gunzTarPerm extractEntry src/math/map.js
470 silly gunzTarPerm extractEntry src/math/norm.js
471 silly gunzTarPerm extractEntry src/math/round.js
472 silly gunzTarPerm extractEntry src/math/isNear.js
473 silly gunzTarPerm extractEntry src/date/dayOfTheYear.js
474 silly gunzTarPerm extractEntry src/date/i18n_.js
475 silly gunzTarPerm extractEntry src/date/isLeapYear.js
476 silly gunzTarPerm extractEntry src/date/isSame.js
477 silly gunzTarPerm extractEntry src/date/parseIso.js
478 silly gunzTarPerm extractEntry src/date/totalDaysInYear.js
479 silly gunzTarPerm extractEntry src/date/startOf.js
480 silly gunzTarPerm extractEntry src/date/strftime.js
481 silly gunzTarPerm extractEntry src/date/timezoneAbbr.js
482 silly gunzTarPerm extractEntry src/date/timezoneOffset.js
483 silly gunzTarPerm extractEntry src/date/totalDaysInMonth.js
484 silly gunzTarPerm extractEntry src/date/diff.js
485 silly gunzTarPerm extractEntry src/date/weekOfTheYear.js
486 silly gunzTarPerm extractEntry src/date/quarter.js
487 silly gunzTarPerm extractEntry src/date/i18n/de-DE.js
488 silly gunzTarPerm extractEntry src/date/i18n/en-US.js
489 silly gunzTarPerm extractEntry src/date/i18n/pt-BR.js
490 silly gunzTarPerm extractEntry src/string/WHITE_SPACES.js
491 silly gunzTarPerm extractEntry src/string/normalizeLineBreaks.js
492 silly gunzTarPerm extractEntry src/string/pascalCase.js
493 silly gunzTarPerm extractEntry src/string/properCase.js
494 silly gunzTarPerm extractEntry src/string/removeNonASCII.js
495 silly gunzTarPerm extractEntry src/string/makePath.js
496 silly gunzTarPerm extractEntry src/string/repeat.js
497 silly gunzTarPerm extractEntry src/string/replace.js
498 silly gunzTarPerm extractEntry src/string/replaceAccents.js
499 silly gunzTarPerm extractEntry src/string/rpad.js
500 silly gunzTarPerm extractEntry src/string/rtrim.js
501 silly gunzTarPerm extractEntry src/string/ltrim.js
502 silly gunzTarPerm extractEntry src/string/sentenceCase.js
503 silly gunzTarPerm extractEntry src/string/lpad.js
504 silly gunzTarPerm extractEntry src/string/slugify.js
505 silly gunzTarPerm extractEntry src/string/lowerCase.js
506 silly gunzTarPerm extractEntry src/string/startsWith.js
507 silly gunzTarPerm extractEntry src/string/interpolate.js
508 silly gunzTarPerm extractEntry src/string/stripHtmlTags.js
509 silly gunzTarPerm extractEntry src/string/insert.js
510 silly gunzTarPerm extractEntry src/string/trim.js
511 silly gunzTarPerm extractEntry src/string/hyphenate.js
512 silly gunzTarPerm extractEntry src/string/truncate.js
513 silly gunzTarPerm extractEntry src/string/escapeUnicode.js
514 silly gunzTarPerm extractEntry src/string/typecast.js
515 silly gunzTarPerm extractEntry src/string/escapeRegExp.js
516 silly gunzTarPerm extractEntry src/string/unCamelCase.js
517 silly gunzTarPerm extractEntry src/string/escapeHtml.js
518 silly gunzTarPerm extractEntry src/string/underscore.js
519 silly gunzTarPerm extractEntry src/string/endsWith.js
520 silly gunzTarPerm extractEntry src/string/unescapeHtml.js
521 silly gunzTarPerm extractEntry src/string/crop.js
522 silly gunzTarPerm extractEntry src/string/unescapeUnicode.js
523 silly gunzTarPerm extractEntry src/string/contains.js
524 silly gunzTarPerm extractEntry src/string/unhyphenate.js
525 silly gunzTarPerm extractEntry src/string/camelCase.js
526 silly gunzTarPerm extractEntry src/string/upperCase.js
527 silly gunzTarPerm extractEntry src/string/removeNonWord.js
528 silly gunzTarPerm extractEntry src/collection/contains.js
529 silly gunzTarPerm extractEntry src/collection/find.js
530 silly gunzTarPerm extractEntry src/collection/forEach.js
531 silly gunzTarPerm extractEntry src/collection/make_.js
532 silly gunzTarPerm extractEntry src/collection/map.js
533 silly gunzTarPerm extractEntry src/collection/filter.js
534 silly gunzTarPerm extractEntry src/collection/min.js
535 silly gunzTarPerm extractEntry src/collection/pluck.js
536 silly gunzTarPerm extractEntry src/collection/reduce.js
537 silly gunzTarPerm extractEntry src/collection/reject.js
538 silly gunzTarPerm extractEntry src/collection/size.js
539 silly gunzTarPerm extractEntry src/collection/every.js
540 silly gunzTarPerm extractEntry src/collection/some.js
541 silly gunzTarPerm extractEntry src/collection/max.js
542 silly gunzTarPerm extractEntry src/time/convert.js
543 silly gunzTarPerm extractEntry src/time/now.js
544 silly gunzTarPerm extractEntry src/time/parseMs.js
545 silly gunzTarPerm extractEntry src/time/toTimeString.js
546 silly gunzTarPerm extractEntry src/array/append.js
547 silly gunzTarPerm extractEntry src/array/invoke.js
548 silly gunzTarPerm extractEntry src/array/join.js
549 silly gunzTarPerm extractEntry src/array/lastIndexOf.js
550 silly gunzTarPerm extractEntry src/array/map.js
551 silly gunzTarPerm extractEntry src/array/intersection.js
552 silly gunzTarPerm extractEntry src/array/min.js
553 silly gunzTarPerm extractEntry src/array/pick.js
554 silly gunzTarPerm extractEntry src/array/pluck.js
555 silly gunzTarPerm extractEntry src/array/range.js
556 silly gunzTarPerm extractEntry src/array/reduce.js
557 silly gunzTarPerm extractEntry src/array/insert.js
558 silly gunzTarPerm extractEntry src/array/reduceRight.js
559 silly gunzTarPerm extractEntry src/array/indexOf.js
560 silly gunzTarPerm extractEntry src/array/reject.js
561 silly gunzTarPerm extractEntry src/array/forEach.js
562 silly gunzTarPerm extractEntry src/array/remove.js
563 silly gunzTarPerm extractEntry src/array/flatten.js
564 silly gunzTarPerm extractEntry src/array/removeAll.js
565 silly gunzTarPerm extractEntry src/array/findLastIndex.js
566 silly gunzTarPerm extractEntry src/array/shuffle.js
567 silly gunzTarPerm extractEntry src/array/findLast.js
568 silly gunzTarPerm extractEntry src/array/slice.js
569 silly gunzTarPerm extractEntry src/array/findIndex.js
570 silly gunzTarPerm extractEntry src/array/some.js
571 silly gunzTarPerm extractEntry src/array/find.js
572 silly gunzTarPerm extractEntry src/array/sort.js
573 silly gunzTarPerm extractEntry src/array/filter.js
574 silly gunzTarPerm extractEntry src/array/sortBy.js
575 silly gunzTarPerm extractEntry src/array/every.js
576 silly gunzTarPerm extractEntry src/array/split.js
577 silly gunzTarPerm extractEntry src/array/difference.js
578 silly gunzTarPerm extractEntry src/array/toLookup.js
579 silly gunzTarPerm extractEntry src/array/contains.js
580 silly gunzTarPerm extractEntry src/array/union.js
581 silly gunzTarPerm extractEntry src/array/compact.js
582 silly gunzTarPerm extractEntry src/array/unique.js
583 silly gunzTarPerm extractEntry src/array/combine.js
584 silly gunzTarPerm extractEntry src/array/xor.js
585 silly gunzTarPerm extractEntry src/array/collect.js
586 silly gunzTarPerm extractEntry src/array/zip.js
587 silly gunzTarPerm extractEntry src/array/max.js
588 silly gunzTarPerm extractEntry string/WHITE_SPACES.js
589 silly gunzTarPerm extractEntry string/normalizeLineBreaks.js
590 silly gunzTarPerm extractEntry string/pascalCase.js
591 silly gunzTarPerm extractEntry string/properCase.js
592 silly gunzTarPerm extractEntry string/removeNonASCII.js
593 silly gunzTarPerm extractEntry string/makePath.js
594 silly gunzTarPerm extractEntry string/repeat.js
595 silly gunzTarPerm extractEntry string/replace.js
596 silly gunzTarPerm extractEntry string/replaceAccents.js
597 silly gunzTarPerm extractEntry string/rpad.js
598 silly gunzTarPerm extractEntry string/rtrim.js
599 silly gunzTarPerm extractEntry string/ltrim.js
600 silly gunzTarPerm extractEntry string/sentenceCase.js
601 silly gunzTarPerm extractEntry string/lpad.js
602 silly gunzTarPerm extractEntry string/slugify.js
603 silly gunzTarPerm extractEntry string/lowerCase.js
604 silly gunzTarPerm extractEntry string/startsWith.js
605 silly gunzTarPerm extractEntry string/interpolate.js
606 silly gunzTarPerm extractEntry string/stripHtmlTags.js
607 silly gunzTarPerm extractEntry string/insert.js
608 silly gunzTarPerm extractEntry string/trim.js
609 silly gunzTarPerm extractEntry string/hyphenate.js
610 silly gunzTarPerm extractEntry string/truncate.js
611 silly gunzTarPerm extractEntry string/escapeUnicode.js
612 silly gunzTarPerm extractEntry string/typecast.js
613 silly gunzTarPerm extractEntry string/escapeRegExp.js
614 silly gunzTarPerm extractEntry string/unCamelCase.js
615 silly gunzTarPerm extractEntry string/escapeHtml.js
616 silly gunzTarPerm extractEntry string/underscore.js
617 silly gunzTarPerm extractEntry string/endsWith.js
618 silly gunzTarPerm extractEntry string/unescapeHtml.js
619 silly gunzTarPerm extractEntry string/crop.js
620 silly gunzTarPerm extractEntry string/unescapeUnicode.js
621 silly gunzTarPerm extractEntry string/contains.js
622 silly gunzTarPerm extractEntry string/unhyphenate.js
623 silly gunzTarPerm extractEntry string/camelCase.js
624 silly gunzTarPerm extractEntry string/upperCase.js
625 silly gunzTarPerm extractEntry string/removeNonWord.js
626 silly gunzTarPerm extractEntry function/awaitDelay.js
627 silly gunzTarPerm extractEntry function/constant.js
628 silly gunzTarPerm extractEntry function/debounce.js
629 silly gunzTarPerm extractEntry function/func.js
630 silly gunzTarPerm extractEntry function/identity.js
631 silly gunzTarPerm extractEntry function/compose.js
632 silly gunzTarPerm extractEntry function/partial.js
633 silly gunzTarPerm extractEntry function/prop.js
634 silly gunzTarPerm extractEntry function/series.js
635 silly gunzTarPerm extractEntry function/throttle.js
636 silly gunzTarPerm extractEntry function/timeout.js
637 silly gunzTarPerm extractEntry function/bind.js
638 silly gunzTarPerm extractEntry function/times.js
639 silly gunzTarPerm extractEntry function/makeIterator_.js
640 silly gunzTarPerm extractEntry time/convert.js
641 silly gunzTarPerm extractEntry time/now.js
642 silly gunzTarPerm extractEntry time/parseMs.js
643 silly gunzTarPerm extractEntry time/toTimeString.js
644 silly gunzTarPerm extractEntry lang/clone.js
645 silly gunzTarPerm extractEntry lang/isEmpty.js
646 silly gunzTarPerm extractEntry lang/isFinite.js
647 silly gunzTarPerm extractEntry lang/isFunction.js
648 silly gunzTarPerm extractEntry lang/isDate.js
649 silly gunzTarPerm extractEntry lang/isKind.js
650 silly gunzTarPerm extractEntry lang/isNaN.js
651 silly gunzTarPerm extractEntry lang/isNull.js
652 silly gunzTarPerm extractEntry lang/isNumber.js
653 silly gunzTarPerm extractEntry lang/isObject.js
654 silly gunzTarPerm extractEntry lang/isBoolean.js
655 silly gunzTarPerm extractEntry lang/isPlainObject.js
656 silly gunzTarPerm extractEntry lang/isArray.js
657 silly gunzTarPerm extractEntry lang/isRegExp.js
658 silly gunzTarPerm extractEntry lang/isArguments.js
659 silly gunzTarPerm extractEntry lang/isString.js
660 silly gunzTarPerm extractEntry lang/is.js
661 silly gunzTarPerm extractEntry lang/isUndefined.js
662 silly gunzTarPerm extractEntry lang/inheritPrototype.js
663 silly gunzTarPerm extractEntry lang/isnt.js
664 silly gunzTarPerm extractEntry lang/defaults.js
665 silly gunzTarPerm extractEntry lang/kindOf.js
666 silly gunzTarPerm extractEntry lang/deepClone.js
667 silly gunzTarPerm extractEntry lang/toArray.js
668 silly gunzTarPerm extractEntry lang/ctorApply.js
669 silly gunzTarPerm extractEntry lang/toNumber.js
670 silly gunzTarPerm extractEntry lang/createObject.js
671 silly gunzTarPerm extractEntry lang/toString.js
672 silly gunzTarPerm extractEntry lang/isInteger.js
673 silly lockFile edb87599-les-grunt-bake-node-modules-mout tar:///Users/sspeicher/Github/follow-the-water/node_modules/grunt-bake/node_modules/mout
674 silly lockFile edb87599-les-grunt-bake-node-modules-mout tar:///Users/sspeicher/Github/follow-the-water/node_modules/grunt-bake/node_modules/mout
675 silly lockFile b8fc19e2-icher-npm-mout-0-9-1-package-tgz tar:///Users/sspeicher/.npm/mout/0.9.1/package.tgz
676 silly lockFile b8fc19e2-icher-npm-mout-0-9-1-package-tgz tar:///Users/sspeicher/.npm/mout/0.9.1/package.tgz
677 info preinstall mout@0.9.1
678 verbose readDependencies using package.json deps
679 verbose readDependencies using package.json deps
680 silly resolved []
681 verbose about to build /Users/sspeicher/Github/follow-the-water/node_modules/grunt-bake/node_modules/mout
682 info build /Users/sspeicher/Github/follow-the-water/node_modules/grunt-bake/node_modules/mout
683 verbose linkStuff [ false,
683 verbose linkStuff   false,
683 verbose linkStuff   false,
683 verbose linkStuff   '/Users/sspeicher/Github/follow-the-water/node_modules/grunt-bake/node_modules' ]
684 info linkStuff mout@0.9.1
685 verbose linkBins mout@0.9.1
686 verbose linkMans mout@0.9.1
687 verbose rebuildBundles mout@0.9.1
688 info install mout@0.9.1
689 info postinstall mout@0.9.1
690 verbose about to build /Users/sspeicher/Github/follow-the-water/node_modules/grunt-bake
691 info build /Users/sspeicher/Github/follow-the-water/node_modules/grunt-bake
692 verbose linkStuff [ false,
692 verbose linkStuff   false,
692 verbose linkStuff   false,
692 verbose linkStuff   '/Users/sspeicher/Github/follow-the-water/node_modules' ]
693 info linkStuff grunt-bake@0.3.12
694 verbose linkBins grunt-bake@0.3.12
695 verbose linkMans grunt-bake@0.3.12
696 verbose rebuildBundles grunt-bake@0.3.12
697 verbose rebuildBundles [ 'mout' ]
698 info install grunt-bake@0.3.12
699 info postinstall grunt-bake@0.3.12
700 error peerinvalid The package grunt does not satisfy its siblings' peerDependencies requirements!
700 error peerinvalid Peer grunt-contrib-concat@0.3.0 wants grunt@~0.4.0
700 error peerinvalid Peer grunt-contrib-copy@0.5.0 wants grunt@~0.4.0
700 error peerinvalid Peer grunt-bake@0.3.12 wants grunt@~0.4.0
700 error peerinvalid Peer grunt-contrib-clean@0.5.0 wants grunt@~0.4.0
700 error peerinvalid Peer grunt-newer@0.7.0 wants grunt@~0.4.1
700 error peerinvalid Peer grunt-usemin@2.1.1 wants grunt@>=0.4.0
700 error peerinvalid Peer grunt-contrib-htmlmin@0.2.0 wants grunt@~0.4.0
700 error peerinvalid Peer grunt-concurrent@0.5.0 wants grunt@~0.4.0
700 error peerinvalid Peer grunt-contrib-sass@0.7.4 wants grunt@>=0.4.0
700 error peerinvalid Peer grunt-contrib-connect@0.7.1 wants grunt@~0.4.0
700 error peerinvalid Peer grunt-contrib-watch@0.6.1 wants grunt@~0.4.0
700 error peerinvalid Peer grunt-svgmin@0.4.0 wants grunt@~0.4.0
700 error peerinvalid Peer grunt-autoprefixer@0.7.6 wants grunt@~0.4.2
700 error peerinvalid Peer grunt-bower-install@1.4.1 wants grunt@~0.4.0
700 error peerinvalid Peer grunt-contrib-jshint@0.9.2 wants grunt@~0.4.0
700 error peerinvalid Peer grunt-contrib-cssmin@0.9.0 wants grunt@~0.4.1
700 error peerinvalid Peer grunt-contrib-uglify@0.4.1 wants grunt@~0.4.0
700 error peerinvalid Peer grunt-mocha@0.4.11 wants grunt@~0.4
700 error peerinvalid Peer grunt-contrib-imagemin@0.6.1 wants grunt@^0.4.0
701 error System Darwin 13.3.0
702 error command "node" "/usr/local/bin/npm" "install" "grunt-bake" "--save-dev"
703 error cwd /Users/sspeicher/Github/follow-the-water
704 error node -v v0.10.28
705 error npm -v 2.0.0-beta.3
706 error code EPEERINVALID
707 verbose exit [ 1, true ]
